mode: set
github.com/natedogg/edgar/pkg/edgar/testutil/helpers.go:16.69,36.12 11 0
github.com/natedogg/edgar/pkg/edgar/testutil/helpers.go:36.12,40.3 3 0
github.com/natedogg/edgar/pkg/edgar/testutil/helpers.go:42.2,42.12 1 0
github.com/natedogg/edgar/pkg/edgar/testutil/helpers.go:42.12,46.3 3 0
github.com/natedogg/edgar/pkg/edgar/testutil/helpers.go:49.2,63.23 8 0
github.com/natedogg/edgar/pkg/edgar/testutil/helpers.go:67.52,71.2 3 0
github.com/natedogg/edgar/pkg/edgar/testutil/helpers.go:74.79,79.35 4 0
github.com/natedogg/edgar/pkg/edgar/testutil/helpers.go:79.35,81.3 1 0
github.com/natedogg/edgar/pkg/edgar/testutil/helpers.go:85.62,95.2 6 0
github.com/natedogg/edgar/pkg/edgar/testutil/helpers.go:98.55,101.2 2 0
github.com/natedogg/edgar/pkg/edgar/testutil/helpers.go:104.57,106.2 1 0
github.com/natedogg/edgar/pkg/edgar/testutil/helpers.go:109.53,112.2 2 0
github.com/natedogg/edgar/pkg/edgar/testutil/helpers.go:115.48,118.2 2 0
github.com/natedogg/edgar/pkg/edgar/testutil/helpers.go:121.72,124.2 1 0
github.com/natedogg/edgar/pkg/edgar/testutil/helpers.go:127.66,130.12 2 0
github.com/natedogg/edgar/pkg/edgar/testutil/helpers.go:130.12,133.3 2 0
github.com/natedogg/edgar/pkg/edgar/testutil/helpers.go:135.2,135.9 1 0
github.com/natedogg/edgar/pkg/edgar/testutil/helpers.go:136.14,136.14 0 0
github.com/natedogg/edgar/pkg/edgar/testutil/helpers.go:138.29,139.51 1 0
github.com/natedogg/edgar/pkg/edgar/testutil/helpers.go:144.72,147.2 2 0
github.com/natedogg/edgar/pkg/edgar/testutil/helpers.go:150.77,153.2 2 0
github.com/natedogg/edgar/pkg/edgar/testutil/helpers.go:156.47,157.21 1 0
github.com/natedogg/edgar/pkg/edgar/testutil/helpers.go:157.21,159.3 1 0
github.com/natedogg/edgar/pkg/edgar/testutil/helpers.go:163.40,164.46 1 0
github.com/natedogg/edgar/pkg/edgar/testutil/helpers.go:164.46,166.3 1 0
github.com/natedogg/edgar/pkg/edgar/testutil/helpers.go:170.80,173.2 2 0
github.com/natedogg/edgar/pkg/edgar/testutil/helpers.go:176.76,177.36 1 0
github.com/natedogg/edgar/pkg/edgar/testutil/helpers.go:177.36,181.3 1 0
github.com/natedogg/edgar/pkg/edgar/testutil/helpers.go:185.29,188.2 1 0
github.com/natedogg/edgar/pkg/edgar/testutil/helpers.go:191.31,194.2 1 0
github.com/natedogg/edgar/pkg/edgar/testutil/helpers.go:197.60,208.19 7 0
github.com/natedogg/edgar/pkg/edgar/testutil/helpers.go:208.19,210.3 1 0
github.com/natedogg/edgar/pkg/edgar/testutil/helpers.go:213.2,216.16 3 0
github.com/natedogg/edgar/pkg/edgar/testutil/helpers.go:220.56,234.2 6 0
github.com/natedogg/edgar/pkg/edgar/testutil/helpers.go:237.28,239.2 1 0
github.com/natedogg/edgar/pkg/edgar/testutil/helpers.go:242.37,245.20 3 0
github.com/natedogg/edgar/pkg/edgar/testutil/helpers.go:245.20,248.3 2 0
github.com/natedogg/edgar/pkg/edgar/testutil/helpers.go:249.2,249.16 1 0
github.com/natedogg/edgar/pkg/edgar/testutil/helpers.go:261.131,262.27 1 0
github.com/natedogg/edgar/pkg/edgar/testutil/helpers.go:262.27,263.37 1 0
github.com/natedogg/edgar/pkg/edgar/testutil/helpers.go:263.37,265.4 1 0
github.com/natedogg/edgar/pkg/edgar/testutil/mocks.go:25.79,26.28 1 0
github.com/natedogg/edgar/pkg/edgar/testutil/mocks.go:26.28,28.3 1 0
github.com/natedogg/edgar/pkg/edgar/testutil/mocks.go:29.2,29.36 1 0
github.com/natedogg/edgar/pkg/edgar/testutil/mocks.go:33.91,34.28 1 0
github.com/natedogg/edgar/pkg/edgar/testutil/mocks.go:34.28,36.3 1 0
github.com/natedogg/edgar/pkg/edgar/testutil/mocks.go:37.2,37.38 1 0
github.com/natedogg/edgar/pkg/edgar/testutil/mocks.go:41.74,42.28 1 0
github.com/natedogg/edgar/pkg/edgar/testutil/mocks.go:42.28,44.3 1 0
github.com/natedogg/edgar/pkg/edgar/testutil/mocks.go:45.2,45.29 1 0
github.com/natedogg/edgar/pkg/edgar/testutil/mocks.go:45.29,47.3 1 0
github.com/natedogg/edgar/pkg/edgar/testutil/mocks.go:48.2,48.31 1 0
github.com/natedogg/edgar/pkg/edgar/testutil/mocks.go:52.78,53.28 1 0
github.com/natedogg/edgar/pkg/edgar/testutil/mocks.go:53.28,55.3 1 0
github.com/natedogg/edgar/pkg/edgar/testutil/mocks.go:57.2,58.15 2 0
github.com/natedogg/edgar/pkg/edgar/testutil/mocks.go:58.15,60.3 1 0
github.com/natedogg/edgar/pkg/edgar/testutil/mocks.go:62.2,62.35 1 0
github.com/natedogg/edgar/pkg/edgar/testutil/mocks.go:66.109,67.28 1 0
github.com/natedogg/edgar/pkg/edgar/testutil/mocks.go:67.28,69.3 1 0
github.com/natedogg/edgar/pkg/edgar/testutil/mocks.go:70.2,70.35 1 0
github.com/natedogg/edgar/pkg/edgar/testutil/mocks.go:74.105,75.28 1 0
github.com/natedogg/edgar/pkg/edgar/testutil/mocks.go:75.28,77.3 1 0
github.com/natedogg/edgar/pkg/edgar/testutil/mocks.go:78.2,78.33 1 0
github.com/natedogg/edgar/pkg/edgar/testutil/mocks.go:82.105,83.28 1 0
github.com/natedogg/edgar/pkg/edgar/testutil/mocks.go:83.28,85.3 1 0
github.com/natedogg/edgar/pkg/edgar/testutil/mocks.go:86.2,86.37 1 0
github.com/natedogg/edgar/pkg/edgar/testutil/mocks.go:90.101,91.28 1 0
github.com/natedogg/edgar/pkg/edgar/testutil/mocks.go:91.28,93.3 1 0
github.com/natedogg/edgar/pkg/edgar/testutil/mocks.go:94.2,94.35 1 0
github.com/natedogg/edgar/pkg/edgar/testutil/mocks.go:101.46,103.2 1 0
github.com/natedogg/edgar/pkg/edgar/testutil/mocks.go:106.70,192.2 1 0
github.com/natedogg/edgar/pkg/edgar/testutil/mocks.go:195.82,224.2 1 0
github.com/natedogg/edgar/pkg/edgar/testutil/mocks.go:227.60,286.2 1 0
github.com/natedogg/edgar/pkg/edgar/testutil/mocks.go:289.76,301.2 1 0
github.com/natedogg/edgar/pkg/edgar/testutil/mocks.go:304.72,320.2 1 0
github.com/natedogg/edgar/pkg/edgar/testutil/mocks.go:323.96,327.33 3 0
github.com/natedogg/edgar/pkg/edgar/testutil/mocks.go:327.33,339.3 1 0
github.com/natedogg/edgar/pkg/edgar/testutil/mocks.go:341.2,345.3 1 0
github.com/natedogg/edgar/pkg/edgar/testutil/mocks.go:349.92,353.33 3 0
github.com/natedogg/edgar/pkg/edgar/testutil/mocks.go:353.33,373.3 4 0
github.com/natedogg/edgar/pkg/edgar/testutil/mocks.go:375.2,379.3 1 0
github.com/natedogg/edgar/pkg/edgar/testutil/mocks.go:383.69,384.90 1 0
github.com/natedogg/edgar/pkg/edgar/testutil/mocks.go:384.90,388.44 2 0
github.com/natedogg/edgar/pkg/edgar/testutil/mocks.go:388.44,389.31 1 0
github.com/natedogg/edgar/pkg/edgar/testutil/mocks.go:389.31,394.5 4 0
github.com/natedogg/edgar/pkg/edgar/testutil/mocks.go:398.3,399.42 2 0
github.com/natedogg/edgar/pkg/edgar/testutil/mocks.go:404.38,408.2 1 0
github.com/natedogg/edgar/pkg/edgar/testutil/mocks.go:411.36,412.43 1 0
github.com/natedogg/edgar/pkg/edgar/testutil/mocks.go:412.43,413.35 1 0
github.com/natedogg/edgar/pkg/edgar/testutil/mocks.go:413.35,415.4 1 0
github.com/natedogg/edgar/pkg/edgar/testutil/mocks.go:417.2,417.11 1 0
github.com/natedogg/edgar/pkg/edgar/testutil/mocks.go:421.61,425.2 3 0
github.com/natedogg/edgar/pkg/edgar/testutil/mocks.go:428.67,432.2 3 0
github.com/natedogg/edgar/pkg/edgar/testutil/mocks.go:435.36,448.2 2 0
github.com/natedogg/edgar/cmd/edgar/main.go:13.13,26.15 10 0
github.com/natedogg/edgar/cmd/edgar/main.go:26.15,39.3 12 0
github.com/natedogg/edgar/cmd/edgar/main.go:42.2,42.19 1 0
github.com/natedogg/edgar/cmd/edgar/main.go:42.19,44.3 1 0
github.com/natedogg/edgar/cmd/edgar/main.go:46.2,48.21 2 0
github.com/natedogg/edgar/cmd/edgar/main.go:48.21,53.17 3 0
github.com/natedogg/edgar/cmd/edgar/main.go:53.17,55.4 1 0
github.com/natedogg/edgar/cmd/edgar/main.go:58.3,63.45 5 0
github.com/natedogg/edgar/cmd/edgar/main.go:63.45,77.4 13 0
github.com/natedogg/edgar/cmd/edgar/main.go:80.3,80.33 1 0
github.com/natedogg/edgar/cmd/edgar/main.go:80.33,106.4 16 0
github.com/natedogg/edgar/cmd/edgar/main.go:109.3,113.50 5 0
github.com/natedogg/edgar/cmd/edgar/main.go:113.50,115.4 1 0
github.com/natedogg/edgar/cmd/edgar/main.go:117.8,117.19 1 0
github.com/natedogg/edgar/cmd/edgar/main.go:117.19,123.17 3 0
github.com/natedogg/edgar/cmd/edgar/main.go:123.17,125.4 1 0
github.com/natedogg/edgar/cmd/edgar/main.go:127.3,137.17 9 0
github.com/natedogg/edgar/cmd/edgar/main.go:137.17,139.4 1 0
github.com/natedogg/edgar/cmd/edgar/main.go:142.3,167.49 23 0
github.com/natedogg/edgar/cmd/edgar/main.go:167.49,169.4 1 0
github.com/natedogg/edgar/cmd/edgar/main.go:171.8,171.22 1 0
github.com/natedogg/edgar/cmd/edgar/main.go:171.22,176.17 3 0
github.com/natedogg/edgar/cmd/edgar/main.go:176.17,178.4 1 0
github.com/natedogg/edgar/cmd/edgar/main.go:181.3,186.45 5 0
github.com/natedogg/edgar/cmd/edgar/main.go:186.45,196.4 9 0
github.com/natedogg/edgar/cmd/edgar/main.go:199.3,199.33 1 0
github.com/natedogg/edgar/cmd/edgar/main.go:199.33,220.4 14 0
github.com/natedogg/edgar/cmd/edgar/main.go:223.3,227.50 5 0
github.com/natedogg/edgar/cmd/edgar/main.go:227.50,229.4 1 0
github.com/natedogg/edgar/cmd/edgar/main.go:231.8,237.17 3 0
github.com/natedogg/edgar/cmd/edgar/main.go:237.17,239.4 1 0
github.com/natedogg/edgar/cmd/edgar/main.go:241.3,251.17 9 0
github.com/natedogg/edgar/cmd/edgar/main.go:251.17,253.4 1 0
github.com/natedogg/edgar/cmd/edgar/main.go:256.3,277.49 19 0
github.com/natedogg/edgar/cmd/edgar/main.go:277.49,279.4 1 0
github.com/natedogg/edgar/pkg/edgar/client.go:28.26,35.2 1 1
github.com/natedogg/edgar/pkg/edgar/client.go:38.58,40.16 2 1
github.com/natedogg/edgar/pkg/edgar/client.go:40.16,42.3 1 0
github.com/natedogg/edgar/pkg/edgar/client.go:44.2,49.16 5 1
github.com/natedogg/edgar/pkg/edgar/client.go:49.16,51.3 1 0
github.com/natedogg/edgar/pkg/edgar/client.go:52.2,54.38 2 1
github.com/natedogg/edgar/pkg/edgar/client.go:54.38,57.3 2 1
github.com/natedogg/edgar/pkg/edgar/client.go:59.2,62.51 2 1
github.com/natedogg/edgar/pkg/edgar/client.go:62.51,64.17 2 0
github.com/natedogg/edgar/pkg/edgar/client.go:64.17,66.4 1 0
github.com/natedogg/edgar/pkg/edgar/client.go:67.3,68.22 2 0
github.com/natedogg/edgar/pkg/edgar/client.go:71.2,72.16 2 1
github.com/natedogg/edgar/pkg/edgar/client.go:72.16,74.3 1 0
github.com/natedogg/edgar/pkg/edgar/client.go:76.2,76.18 1 1
github.com/natedogg/edgar/pkg/edgar/client.go:88.47,89.28 1 1
github.com/natedogg/edgar/pkg/edgar/client.go:90.14,91.11 1 1
github.com/natedogg/edgar/pkg/edgar/client.go:92.19,93.19 1 1
github.com/natedogg/edgar/pkg/edgar/client.go:94.15,95.32 1 1
github.com/natedogg/edgar/pkg/edgar/client.go:96.11,97.30 1 1
github.com/natedogg/edgar/pkg/edgar/client.go:98.10,99.30 1 0
github.com/natedogg/edgar/pkg/edgar/client.go:212.69,216.16 3 1
github.com/natedogg/edgar/pkg/edgar/client.go:216.16,218.3 1 1
github.com/natedogg/edgar/pkg/edgar/client.go:220.2,221.53 2 1
github.com/natedogg/edgar/pkg/edgar/client.go:221.53,223.3 1 0
github.com/natedogg/edgar/pkg/edgar/client.go:225.2,225.20 1 1
github.com/natedogg/edgar/pkg/edgar/client.go:229.81,233.16 3 1
github.com/natedogg/edgar/pkg/edgar/client.go:233.16,235.3 1 0
github.com/natedogg/edgar/pkg/edgar/client.go:237.2,238.59 2 1
github.com/natedogg/edgar/pkg/edgar/client.go:238.59,240.3 1 0
github.com/natedogg/edgar/pkg/edgar/client.go:242.2,242.26 1 1
github.com/natedogg/edgar/pkg/edgar/client.go:246.64,248.16 2 1
github.com/natedogg/edgar/pkg/edgar/client.go:248.16,250.3 1 0
github.com/natedogg/edgar/pkg/edgar/client.go:253.2,257.33 3 1
github.com/natedogg/edgar/pkg/edgar/client.go:257.33,258.28 1 1
github.com/natedogg/edgar/pkg/edgar/client.go:258.28,260.4 1 1
github.com/natedogg/edgar/pkg/edgar/client.go:263.2,263.27 1 1
github.com/natedogg/edgar/pkg/edgar/client.go:263.27,265.3 1 1
github.com/natedogg/edgar/pkg/edgar/client.go:268.2,268.46 1 1
github.com/natedogg/edgar/pkg/edgar/client.go:268.46,270.3 1 1
github.com/natedogg/edgar/pkg/edgar/client.go:272.2,272.29 1 1
github.com/natedogg/edgar/pkg/edgar/client.go:276.73,280.41 2 1
github.com/natedogg/edgar/pkg/edgar/client.go:280.41,282.3 1 0
github.com/natedogg/edgar/pkg/edgar/client.go:284.2,285.29 2 1
github.com/natedogg/edgar/pkg/edgar/client.go:285.29,301.3 2 1
github.com/natedogg/edgar/pkg/edgar/client.go:303.2,303.16 1 1
github.com/natedogg/edgar/pkg/edgar/client.go:307.49,308.14 1 1
github.com/natedogg/edgar/pkg/edgar/client.go:308.14,310.3 1 1
github.com/natedogg/edgar/pkg/edgar/client.go:311.2,311.25 1 1
github.com/natedogg/edgar/pkg/edgar/client.go:312.14,313.13 1 1
github.com/natedogg/edgar/pkg/edgar/client.go:314.11,315.27 1 1
github.com/natedogg/edgar/pkg/edgar/client.go:316.15,317.46 1 1
github.com/natedogg/edgar/pkg/edgar/client.go:318.12,319.10 1 1
github.com/natedogg/edgar/pkg/edgar/client.go:319.10,321.4 1 1
github.com/natedogg/edgar/pkg/edgar/client.go:322.3,322.13 1 1
github.com/natedogg/edgar/pkg/edgar/client.go:323.10,324.32 1 0
github.com/natedogg/edgar/pkg/edgar/client.go:329.68,331.16 2 1
github.com/natedogg/edgar/pkg/edgar/client.go:331.16,333.3 1 0
github.com/natedogg/edgar/pkg/edgar/client.go:336.2,340.33 3 1
github.com/natedogg/edgar/pkg/edgar/client.go:340.33,341.28 1 1
github.com/natedogg/edgar/pkg/edgar/client.go:341.28,343.4 1 1
github.com/natedogg/edgar/pkg/edgar/client.go:346.2,346.27 1 1
github.com/natedogg/edgar/pkg/edgar/client.go:346.27,348.3 1 0
github.com/natedogg/edgar/pkg/edgar/client.go:351.2,351.46 1 1
github.com/natedogg/edgar/pkg/edgar/client.go:351.46,353.3 1 1
github.com/natedogg/edgar/pkg/edgar/client.go:356.2,357.15 2 1
github.com/natedogg/edgar/pkg/edgar/client.go:357.15,359.3 1 1
github.com/natedogg/edgar/pkg/edgar/client.go:361.2,361.33 1 1
github.com/natedogg/edgar/pkg/edgar/client.go:365.95,368.16 2 0
github.com/natedogg/edgar/pkg/edgar/client.go:368.16,370.3 1 0
github.com/natedogg/edgar/pkg/edgar/client.go:373.2,374.16 2 0
github.com/natedogg/edgar/pkg/edgar/client.go:374.16,376.3 1 0
github.com/natedogg/edgar/pkg/edgar/client.go:378.2,385.33 2 0
github.com/natedogg/edgar/pkg/edgar/client.go:385.33,387.17 2 0
github.com/natedogg/edgar/pkg/edgar/client.go:387.17,389.12 2 0
github.com/natedogg/edgar/pkg/edgar/client.go:391.3,391.58 1 0
github.com/natedogg/edgar/pkg/edgar/client.go:394.2,394.33 1 0
github.com/natedogg/edgar/pkg/edgar/client.go:394.33,396.3 1 0
github.com/natedogg/edgar/pkg/edgar/client.go:398.2,398.22 1 0
github.com/natedogg/edgar/pkg/edgar/client.go:402.93,405.16 2 0
github.com/natedogg/edgar/pkg/edgar/client.go:405.16,407.3 1 0
github.com/natedogg/edgar/pkg/edgar/client.go:409.2,419.81 2 0
github.com/natedogg/edgar/pkg/edgar/client.go:419.81,421.3 1 0
github.com/natedogg/edgar/pkg/edgar/client.go:424.2,426.21 2 0
github.com/natedogg/edgar/pkg/edgar/client.go:430.110,433.21 2 0
github.com/natedogg/edgar/pkg/edgar/client.go:433.21,435.3 1 0
github.com/natedogg/edgar/pkg/edgar/client.go:438.2,439.9 2 0
github.com/natedogg/edgar/pkg/edgar/client.go:439.9,441.3 1 0
github.com/natedogg/edgar/pkg/edgar/client.go:444.2,448.70 1 0
github.com/natedogg/edgar/pkg/edgar/client.go:448.70,450.3 1 0
github.com/natedogg/edgar/pkg/edgar/client.go:453.2,458.59 1 0
github.com/natedogg/edgar/pkg/edgar/client.go:458.59,460.3 1 0
github.com/natedogg/edgar/pkg/edgar/client.go:462.2,462.12 1 0
github.com/natedogg/edgar/pkg/edgar/client.go:466.124,467.35 1 1
github.com/natedogg/edgar/pkg/edgar/client.go:467.35,468.66 1 1
github.com/natedogg/edgar/pkg/edgar/client.go:468.66,469.66 1 1
github.com/natedogg/edgar/pkg/edgar/client.go:469.66,471.43 1 1
github.com/natedogg/edgar/pkg/edgar/client.go:471.43,472.60 1 1
github.com/natedogg/edgar/pkg/edgar/client.go:472.60,473.56 1 1
github.com/natedogg/edgar/pkg/edgar/client.go:473.56,476.22 2 1
github.com/natedogg/edgar/pkg/edgar/client.go:476.22,479.9 2 1
github.com/natedogg/edgar/pkg/edgar/client.go:486.2,486.88 1 1
github.com/natedogg/edgar/pkg/edgar/client.go:490.87,495.33 4 1
github.com/natedogg/edgar/pkg/edgar/client.go:495.33,496.57 1 1
github.com/natedogg/edgar/pkg/edgar/client.go:496.57,497.49 1 1
github.com/natedogg/edgar/pkg/edgar/client.go:497.49,498.51 1 1
github.com/natedogg/edgar/pkg/edgar/client.go:498.51,503.28 2 1
github.com/natedogg/edgar/pkg/edgar/client.go:503.28,505.7 1 1
github.com/natedogg/edgar/pkg/edgar/client.go:508.6,508.24 1 1
github.com/natedogg/edgar/pkg/edgar/client.go:508.24,510.7 1 1
github.com/natedogg/edgar/pkg/edgar/client.go:510.12,510.31 1 1
github.com/natedogg/edgar/pkg/edgar/client.go:510.31,512.7 1 1
github.com/natedogg/edgar/pkg/edgar/client.go:515.6,515.47 1 1
github.com/natedogg/edgar/pkg/edgar/client.go:515.47,517.7 1 1
github.com/natedogg/edgar/pkg/edgar/client.go:520.6,520.70 1 1
github.com/natedogg/edgar/pkg/edgar/client.go:520.70,521.52 1 1
github.com/natedogg/edgar/pkg/edgar/client.go:521.52,525.8 3 1
github.com/natedogg/edgar/pkg/edgar/client.go:525.13,525.61 1 0
github.com/natedogg/edgar/pkg/edgar/client.go:525.61,526.66 1 0
github.com/natedogg/edgar/pkg/edgar/client.go:526.66,530.9 3 0
github.com/natedogg/edgar/pkg/edgar/client.go:538.2,538.18 1 1
github.com/natedogg/edgar/pkg/edgar/client.go:542.111,553.81 2 0
github.com/natedogg/edgar/pkg/edgar/client.go:553.81,555.3 1 0
github.com/natedogg/edgar/pkg/edgar/client.go:558.2,560.21 2 0
github.com/natedogg/edgar/pkg/edgar/client.go:577.88,581.16 3 0
github.com/natedogg/edgar/pkg/edgar/client.go:581.16,583.3 1 0
github.com/natedogg/edgar/pkg/edgar/client.go:585.2,586.55 2 0
github.com/natedogg/edgar/pkg/edgar/client.go:586.55,588.3 1 0
github.com/natedogg/edgar/pkg/edgar/client.go:590.2,590.22 1 0
github.com/natedogg/edgar/pkg/edgar/client.go:594.89,597.16 2 0
github.com/natedogg/edgar/pkg/edgar/client.go:597.16,599.3 1 0
github.com/natedogg/edgar/pkg/edgar/client.go:601.2,601.53 1 0
github.com/natedogg/edgar/pkg/edgar/client.go:605.107,616.79 2 0
github.com/natedogg/edgar/pkg/edgar/client.go:616.79,618.3 1 0
github.com/natedogg/edgar/pkg/edgar/client.go:621.2,624.26 2 0
github.com/natedogg/edgar/pkg/edgar/client.go:624.26,626.3 1 0
github.com/natedogg/edgar/pkg/edgar/client.go:626.8,629.3 2 0
github.com/natedogg/edgar/pkg/edgar/client.go:631.2,631.21 1 0
github.com/natedogg/edgar/pkg/edgar/client.go:635.106,638.21 2 0
github.com/natedogg/edgar/pkg/edgar/client.go:638.21,640.3 1 0
github.com/natedogg/edgar/pkg/edgar/client.go:643.2,644.9 2 0
github.com/natedogg/edgar/pkg/edgar/client.go:644.9,646.3 1 0
github.com/natedogg/edgar/pkg/edgar/client.go:649.2,657.47 1 0
github.com/natedogg/edgar/pkg/edgar/client.go:657.47,659.3 1 0
github.com/natedogg/edgar/pkg/edgar/client.go:662.2,667.49 1 0
github.com/natedogg/edgar/pkg/edgar/client.go:667.49,669.3 1 0
github.com/natedogg/edgar/pkg/edgar/client.go:672.2,677.55 1 0
github.com/natedogg/edgar/pkg/edgar/client.go:677.55,679.3 1 0
github.com/natedogg/edgar/pkg/edgar/client.go:682.2,687.56 1 0
github.com/natedogg/edgar/pkg/edgar/client.go:687.56,689.3 1 0
github.com/natedogg/edgar/pkg/edgar/client.go:693.2,699.67 1 0
github.com/natedogg/edgar/pkg/edgar/client.go:699.67,707.46 3 0
github.com/natedogg/edgar/pkg/edgar/client.go:707.46,709.4 1 0
github.com/natedogg/edgar/pkg/edgar/client.go:711.3,714.46 1 0
github.com/natedogg/edgar/pkg/edgar/client.go:714.46,716.4 1 0
github.com/natedogg/edgar/pkg/edgar/client.go:719.2,719.12 1 0
github.com/natedogg/edgar/pkg/edgar/client.go:723.91,726.16 2 0
github.com/natedogg/edgar/pkg/edgar/client.go:726.16,728.3 1 0
github.com/natedogg/edgar/pkg/edgar/client.go:731.2,732.16 2 0
github.com/natedogg/edgar/pkg/edgar/client.go:732.16,734.3 1 0
github.com/natedogg/edgar/pkg/edgar/client.go:736.2,743.33 2 0
github.com/natedogg/edgar/pkg/edgar/client.go:743.33,745.17 2 0
github.com/natedogg/edgar/pkg/edgar/client.go:745.17,747.12 2 0
github.com/natedogg/edgar/pkg/edgar/client.go:749.3,749.58 1 0
github.com/natedogg/edgar/pkg/edgar/client.go:752.2,752.33 1 0
github.com/natedogg/edgar/pkg/edgar/client.go:752.33,754.3 1 0
github.com/natedogg/edgar/pkg/edgar/client.go:756.2,756.22 1 0
